

Started GET "/videos" for 201.214.4.42 at 2010-12-05 12:54:59 -0300
  Processing by VideosController#index as HTML
  [1m[36mVideo Load (0.5ms)[0m  [1mSELECT `videos`.* FROM `videos`[0m
Mysql::Error: Table 'videolectures.videos' doesn't exist: SELECT `videos`.* FROM `videos`
Completed   in 127ms

ActiveRecord::StatementInvalid (Mysql::Error: Table 'videolectures.videos' doesn't exist: SELECT `videos`.* FROM `videos`):
  app/controllers/videos_controller.rb:5:in `index'

Rendered /usr/local/lib/ruby/gems/1.9.1/gems/actionpack-3.0.3/lib/action_dispatch/middleware/templates/rescues/_trace.erb (1.9ms)
Rendered /usr/local/lib/ruby/gems/1.9.1/gems/actionpack-3.0.3/lib/action_dispatch/middleware/templates/rescues/_request_and_response.erb (3.7ms)
Rendered /usr/local/lib/ruby/gems/1.9.1/gems/actionpack-3.0.3/lib/action_dispatch/middleware/templates/rescues/diagnostics.erb within rescues/layout (11.5ms)


Started GET "/video" for 201.214.4.42 at 2010-12-05 12:55:10 -0300

ActionController::RoutingError (No route matches "/video"):
  

Rendered /usr/local/lib/ruby/gems/1.9.1/gems/actionpack-3.0.3/lib/action_dispatch/middleware/templates/rescues/routing_error.erb within rescues/layout (1.4ms)


Started GET "/videos" for 201.214.4.42 at 2010-12-05 12:55:14 -0300
  Processing by VideosController#index as HTML
  [1m[35mVideo Load (0.4ms)[0m  SELECT `videos`.* FROM `videos`
Mysql::Error: Table 'videolectures.videos' doesn't exist: SELECT `videos`.* FROM `videos`
Completed   in 16ms

ActiveRecord::StatementInvalid (Mysql::Error: Table 'videolectures.videos' doesn't exist: SELECT `videos`.* FROM `videos`):
  app/controllers/videos_controller.rb:5:in `index'

Rendered /usr/local/lib/ruby/gems/1.9.1/gems/actionpack-3.0.3/lib/action_dispatch/middleware/templates/rescues/_trace.erb (2.1ms)
Rendered /usr/local/lib/ruby/gems/1.9.1/gems/actionpack-3.0.3/lib/action_dispatch/middleware/templates/rescues/_request_and_response.erb (3.6ms)
Rendered /usr/local/lib/ruby/gems/1.9.1/gems/actionpack-3.0.3/lib/action_dispatch/middleware/templates/rescues/diagnostics.erb within rescues/layout (11.3ms)
  [1m[36mSQL (0.3ms)[0m  [1mSHOW TABLES[0m
  [1m[35mSQL (4.2ms)[0m  CREATE TABLE `schema_migrations` (`version` varchar(255) NOT NULL) ENGINE=InnoDB
  [1m[36mSQL (0.5ms)[0m  [1mSHOW KEYS FROM `schema_migrations`[0m
  [1m[35mSQL (4.2ms)[0m  CREATE UNIQUE INDEX `unique_schema_migrations` ON `schema_migrations` (`version`)
  [1m[36mSQL (0.3ms)[0m  [1mSHOW TABLES[0m
  [1m[35mSQL (0.3ms)[0m  SHOW TABLES
  [1m[36mSQL (0.3ms)[0m  [1mSELECT `schema_migrations`.`version` FROM `schema_migrations`[0m
Migrating to CreateVideos (20101205045142)
  [1m[35mSQL (2.8ms)[0m  CREATE TABLE `videos` (`id` int(11) DEFAULT NULL auto_increment PRIMARY KEY, `yt_id` varchar(255), `user_mail` varchar(255), `name` varchar(255), `course` varchar(255), `professor` varchar(255), `semester` varchar(255), `created_at` datetime, `updated_at` datetime) ENGINE=InnoDB
  [1m[36mSQL (0.5ms)[0m  [1mINSERT INTO `schema_migrations` (`version`) VALUES ('20101205045142')[0m
Migrating to CreateComments (20101205045253)
  [1m[35mSQL (2.1ms)[0m  CREATE TABLE `comments` (`id` int(11) DEFAULT NULL auto_increment PRIMARY KEY, `video_id` varchar(255), `user_mail` varchar(255), `timestamp` varchar(255), `comment` varchar(255), `created_at` datetime, `updated_at` datetime) ENGINE=InnoDB
  [1m[36mSQL (0.4ms)[0m  [1mINSERT INTO `schema_migrations` (`version`) VALUES ('20101205045253')[0m
Migrating to CreateUsers (20101205045318)
  [1m[35mSQL (8.8ms)[0m  CREATE TABLE `users` (`id` int(11) DEFAULT NULL auto_increment PRIMARY KEY, `mail` varchar(255), `pass` varchar(255), `name` varchar(255), `last_name` varchar(255), `created_at` datetime, `updated_at` datetime) ENGINE=InnoDB
  [1m[36mSQL (0.4ms)[0m  [1mINSERT INTO `schema_migrations` (`version`) VALUES ('20101205045318')[0m
  [1m[35mSQL (0.4ms)[0m  SHOW TABLES
  [1m[36mSQL (0.3ms)[0m  [1mSELECT `schema_migrations`.`version` FROM `schema_migrations`[0m
  [1m[35mSQL (0.3ms)[0m  SHOW TABLES
  [1m[36mSQL (0.9ms)[0m  [1mdescribe `comments`[0m
  [1m[35mSQL (0.4ms)[0m  SHOW KEYS FROM `comments`
  [1m[36mSQL (1.0ms)[0m  [1mdescribe `users`[0m
  [1m[35mSQL (0.4ms)[0m  SHOW KEYS FROM `users`
  [1m[36mSQL (1.0ms)[0m  [1mdescribe `videos`[0m
  [1m[35mSQL (0.5ms)[0m  SHOW KEYS FROM `videos`


Started GET "/videos" for 201.214.4.42 at 2010-12-05 13:00:11 -0300
  Processing by VideosController#index as HTML
  [1m[36mVideo Load (0.4ms)[0m  [1mSELECT `videos`.* FROM `videos`[0m
Rendered videos/index.html.erb within layouts/application (4.6ms)
Completed 200 OK in 139ms (Views: 10.6ms | ActiveRecord: 0.4ms)


Started GET "/videos/new" for 201.214.4.42 at 2010-12-05 13:00:16 -0300
  Processing by VideosController#new as HTML
Rendered videos/_form.html.erb (22.8ms)
Rendered videos/new.html.erb within layouts/application (28.2ms)
Completed 200 OK in 51ms (Views: 33.9ms | ActiveRecord: 0.0ms)


Started GET "/videos/new" for 201.214.4.42 at 2010-12-05 13:03:04 -0300
  Processing by VideosController#new as HTML
Rendered videos/_form.html.erb (21.6ms)
Rendered videos/new.html.erb within layouts/application (27.3ms)
Completed 200 OK in 94ms (Views: 33.1ms | ActiveRecord: 0.0ms)


Started POST "/videos" for 201.214.4.42 at 2010-12-05 13:03:31 -0300
  Processing by VideosController#create as HTML
  Parameters: {"utf8"=>"✓", "authenticity_token"=>"//NlU4jdg3xfQYSXF638eWNwJfbBMgrRD8ereooU3Fc=", "video"=>{"yt_id"=>"8aYbywL3l-Y", "user_mail"=>"jcarrera@dcc.uchile.cl", "name"=>"Comunicacion de Datos - Clase 7", "course"=>"Comunicacion de Datos", "professor"=>"Jose Piquer", "semester"=>"2010-2"}, "commit"=>"Create Video"}
  [1m[36mSQL (0.1ms)[0m  [1mBEGIN[0m
  [1m[35mSQL (0.4ms)[0m  SHOW TABLES
  [1m[36mSQL (1.2ms)[0m  [1mdescribe `videos`[0m
  [1m[35mAREL (0.3ms)[0m  INSERT INTO `videos` (`yt_id`, `user_mail`, `name`, `course`, `professor`, `semester`, `created_at`, `updated_at`) VALUES ('8aYbywL3l-Y', 'jcarrera@dcc.uchile.cl', 'Comunicacion de Datos - Clase 7', 'Comunicacion de Datos', 'Jose Piquer', '2010-2', '2010-12-05 16:03:31', '2010-12-05 16:03:31')
  [1m[36mSQL (3.6ms)[0m  [1mCOMMIT[0m
Redirected to http://cadcc.cl:2323/videos/1
Completed 302 Found in 127ms


Started GET "/videos/1" for 201.214.4.42 at 2010-12-05 13:03:31 -0300
  Processing by VideosController#show as HTML
  Parameters: {"id"=>"1"}
  [1m[35mVideo Load (0.3ms)[0m  SELECT `videos`.* FROM `videos` WHERE (`videos`.`id` = 1) LIMIT 1
  [1m[36mUser Load (0.3ms)[0m  [1mSELECT `users`.* FROM `users` WHERE (`users`.`id` = 1) LIMIT 1[0m
Completed   in 88ms

ActiveRecord::RecordNotFound (Couldn't find User with ID=1):
  app/controllers/videos_controller.rb:19:in `show'

Rendered /usr/local/lib/ruby/gems/1.9.1/gems/actionpack-3.0.3/lib/action_dispatch/middleware/templates/rescues/_trace.erb (2.1ms)
Rendered /usr/local/lib/ruby/gems/1.9.1/gems/actionpack-3.0.3/lib/action_dispatch/middleware/templates/rescues/_request_and_response.erb (7.5ms)
Rendered /usr/local/lib/ruby/gems/1.9.1/gems/actionpack-3.0.3/lib/action_dispatch/middleware/templates/rescues/diagnostics.erb within rescues/layout (15.2ms)


Started GET "/users" for 201.214.4.42 at 2010-12-05 13:03:50 -0300
  Processing by UsersController#index as HTML
  [1m[35mUser Load (0.3ms)[0m  SELECT `users`.* FROM `users`
Rendered users/index.html.erb within layouts/application (4.2ms)
Completed 200 OK in 23ms (Views: 10.0ms | ActiveRecord: 6.0ms)


Started GET "/users/new" for 201.214.4.42 at 2010-12-05 13:03:52 -0300
  Processing by UsersController#new as HTML
Rendered users/_form.html.erb (13.6ms)
Rendered users/new.html.erb within layouts/application (18.9ms)
Completed 200 OK in 39ms (Views: 24.4ms | ActiveRecord: 0.7ms)


Started POST "/users" for 201.214.4.42 at 2010-12-05 13:03:59 -0300
  Processing by UsersController#create as HTML
  Parameters: {"utf8"=>"✓", "authenticity_token"=>"//NlU4jdg3xfQYSXF638eWNwJfbBMgrRD8ereooU3Fc=", "user"=>{"mail"=>"jcarrera@analytics.cl", "pass"=>"asdf", "name"=>"asdf", "last_name"=>"asdf"}, "commit"=>"Create User"}
  [1m[36mSQL (0.1ms)[0m  [1mBEGIN[0m
  [1m[35mSQL (1.0ms)[0m  describe `users`
  [1m[36mAREL (0.3ms)[0m  [1mINSERT INTO `users` (`mail`, `pass`, `name`, `last_name`, `created_at`, `updated_at`) VALUES ('jcarrera@analytics.cl', 'asdf', 'asdf', 'asdf', '2010-12-05 16:03:59', '2010-12-05 16:03:59')[0m
  [1m[35mSQL (4.2ms)[0m  COMMIT
Redirected to http://cadcc.cl:2323/users/1
Completed 302 Found in 34ms


Started GET "/users/1" for 201.214.4.42 at 2010-12-05 13:03:59 -0300
  Processing by UsersController#show as HTML
  Parameters: {"id"=>"1"}
  [1m[36mUser Load (0.3ms)[0m  [1mSELECT `users`.* FROM `users` WHERE (`users`.`id` = 1) LIMIT 1[0m
Rendered users/show.html.erb within layouts/application (13.1ms)
Completed 200 OK in 35ms (Views: 18.8ms | ActiveRecord: 0.3ms)


Started GET "/cideos" for 201.214.4.42 at 2010-12-05 13:04:04 -0300

ActionController::RoutingError (No route matches "/cideos"):
  

Rendered /usr/local/lib/ruby/gems/1.9.1/gems/actionpack-3.0.3/lib/action_dispatch/middleware/templates/rescues/routing_error.erb within rescues/layout (1.5ms)


Started GET "/videos" for 201.214.4.42 at 2010-12-05 13:04:07 -0300
  Processing by VideosController#index as HTML
  [1m[35mVideo Load (0.4ms)[0m  SELECT `videos`.* FROM `videos`
Rendered videos/index.html.erb within layouts/application (16.5ms)
Completed 200 OK in 82ms (Views: 22.4ms | ActiveRecord: 0.4ms)


Started GET "/videos/1" for 201.214.4.42 at 2010-12-05 13:04:11 -0300
  Processing by VideosController#show as HTML
  Parameters: {"id"=>"1"}
  [1m[36mVideo Load (0.1ms)[0m  [1mSELECT `videos`.* FROM `videos` WHERE (`videos`.`id` = 1) LIMIT 1[0m
  [1m[35mUser Load (0.1ms)[0m  SELECT `users`.* FROM `users` WHERE (`users`.`id` = 1) LIMIT 1
  [1m[36mComment Load (0.4ms)[0m  [1mSELECT `comments`.* FROM `comments` WHERE (`comments`.video_id = 1)[0m
Rendered comments/_form.html.erb (12.4ms)
Rendered videos/show.html.erb within layouts/application (26.9ms)
Completed 200 OK in 104ms (Views: 32.5ms | ActiveRecord: 0.6ms)


Started GET "/videos/1" for 201.214.4.42 at 2010-12-05 13:12:10 -0300
  Processing by VideosController#show as HTML
  Parameters: {"id"=>"1"}
  [1m[36mSQL (0.4ms)[0m  [1mSHOW TABLES[0m
  [1m[35mVideo Load (0.1ms)[0m  SELECT `videos`.* FROM `videos` WHERE (`videos`.`id` = 1) LIMIT 1
  [1m[36mUser Load (0.1ms)[0m  [1mSELECT `users`.* FROM `users` WHERE (`users`.`id` = 1) LIMIT 1[0m
  [1m[35mComment Load (0.2ms)[0m  SELECT `comments`.* FROM `comments` WHERE (`comments`.video_id = 1)
Rendered comments/_form.html.erb (15.6ms)
Rendered videos/show.html.erb within layouts/application (90.4ms)
Completed 200 OK in 290ms (Views: 96.0ms | ActiveRecord: 0.9ms)


Started GET "/videos/1" for 201.214.4.42 at 2010-12-05 13:12:58 -0300
  Processing by VideosController#show as HTML
  Parameters: {"id"=>"1"}
  [1m[36mVideo Load (0.1ms)[0m  [1mSELECT `videos`.* FROM `videos` WHERE (`videos`.`id` = 1) LIMIT 1[0m
  [1m[35mUser Load (0.1ms)[0m  SELECT `users`.* FROM `users` WHERE (`users`.`id` = 1) LIMIT 1
  [1m[36mComment Load (0.2ms)[0m  [1mSELECT `comments`.* FROM `comments` WHERE (`comments`.video_id = 1)[0m
Rendered comments/_form.html.erb (12.3ms)
Rendered videos/show.html.erb within layouts/application (26.3ms)
Completed 200 OK in 143ms (Views: 31.7ms | ActiveRecord: 0.4ms)


Started GET "/videos/1" for 201.214.4.42 at 2010-12-05 13:13:48 -0300
  Processing by VideosController#show as HTML
  Parameters: {"id"=>"1"}
  [1m[35mVideo Load (0.1ms)[0m  SELECT `videos`.* FROM `videos` WHERE (`videos`.`id` = 1) LIMIT 1
  [1m[36mUser Load (0.1ms)[0m  [1mSELECT `users`.* FROM `users` WHERE (`users`.`id` = 1) LIMIT 1[0m
  [1m[35mComment Load (3.5ms)[0m  SELECT `comments`.* FROM `comments` WHERE (`comments`.video_id = 1)
Rendered comments/_form.html.erb (12.8ms)
Rendered videos/show.html.erb within layouts/application (71.4ms)
Completed 200 OK in 148ms (Views: 73.6ms | ActiveRecord: 3.7ms)


Started GET "/videos/1" for 201.214.4.42 at 2010-12-05 13:13:55 -0300
  Processing by VideosController#show as HTML
  Parameters: {"id"=>"1"}
  [1m[36mVideo Load (0.1ms)[0m  [1mSELECT `videos`.* FROM `videos` WHERE (`videos`.`id` = 1) LIMIT 1[0m
  [1m[35mUser Load (0.1ms)[0m  SELECT `users`.* FROM `users` WHERE (`users`.`id` = 1) LIMIT 1
  [1m[36mComment Load (0.2ms)[0m  [1mSELECT `comments`.* FROM `comments` WHERE (`comments`.video_id = 1)[0m
Rendered comments/_form.html.erb (12.1ms)
Rendered videos/show.html.erb within layouts/application (25.8ms)
Completed 200 OK in 103ms (Views: 31.3ms | ActiveRecord: 0.4ms)


Started GET "/videos/1" for 201.214.4.42 at 2010-12-05 13:13:56 -0300
  Processing by VideosController#show as HTML
  Parameters: {"id"=>"1"}
  [1m[35mVideo Load (0.2ms)[0m  SELECT `videos`.* FROM `videos` WHERE (`videos`.`id` = 1) LIMIT 1
  [1m[36mUser Load (0.1ms)[0m  [1mSELECT `users`.* FROM `users` WHERE (`users`.`id` = 1) LIMIT 1[0m
  [1m[35mComment Load (0.2ms)[0m  SELECT `comments`.* FROM `comments` WHERE (`comments`.video_id = 1)
Rendered comments/_form.html.erb (12.0ms)
Rendered videos/show.html.erb within layouts/application (26.4ms)
Completed 200 OK in 105ms (Views: 32.0ms | ActiveRecord: 0.5ms)


Started GET "/videos/1" for 201.214.4.42 at 2010-12-05 13:14:14 -0300
  Processing by VideosController#show as HTML
  Parameters: {"id"=>"1"}
  [1m[36mVideo Load (0.1ms)[0m  [1mSELECT `videos`.* FROM `videos` WHERE (`videos`.`id` = 1) LIMIT 1[0m
  [1m[35mUser Load (0.1ms)[0m  SELECT `users`.* FROM `users` WHERE (`users`.`id` = 1) LIMIT 1
  [1m[36mComment Load (0.2ms)[0m  [1mSELECT `comments`.* FROM `comments` WHERE (`comments`.video_id = 1)[0m
Rendered comments/_form.html.erb (12.6ms)
Rendered videos/show.html.erb within layouts/application (26.8ms)
Completed 200 OK in 152ms (Views: 32.4ms | ActiveRecord: 0.4ms)


Started GET "/videos/1" for 201.214.4.42 at 2010-12-05 13:14:31 -0300
  Processing by VideosController#show as HTML
  Parameters: {"id"=>"1"}
  [1m[35mVideo Load (0.1ms)[0m  SELECT `videos`.* FROM `videos` WHERE (`videos`.`id` = 1) LIMIT 1
  [1m[36mUser Load (0.1ms)[0m  [1mSELECT `users`.* FROM `users` WHERE (`users`.`id` = 1) LIMIT 1[0m
  [1m[35mComment Load (0.2ms)[0m  SELECT `comments`.* FROM `comments` WHERE (`comments`.video_id = 1)
Rendered comments/_form.html.erb (12.7ms)
Rendered videos/show.html.erb within layouts/application (27.0ms)
Completed 200 OK in 153ms (Views: 32.5ms | ActiveRecord: 0.4ms)


Started GET "/videos/1" for 201.214.4.42 at 2010-12-05 13:15:03 -0300
  Processing by VideosController#show as HTML
  Parameters: {"id"=>"1"}
  [1m[36mVideo Load (0.1ms)[0m  [1mSELECT `videos`.* FROM `videos` WHERE (`videos`.`id` = 1) LIMIT 1[0m
  [1m[35mUser Load (0.1ms)[0m  SELECT `users`.* FROM `users` WHERE (`users`.`id` = 1) LIMIT 1
  [1m[36mComment Load (0.2ms)[0m  [1mSELECT `comments`.* FROM `comments` WHERE (`comments`.video_id = 1)[0m
Rendered comments/_form.html.erb (57.1ms)
Rendered videos/show.html.erb within layouts/application (71.0ms)
Completed 200 OK in 146ms (Views: 76.5ms | ActiveRecord: 0.4ms)


Started GET "/videos/1" for 201.214.4.42 at 2010-12-05 13:15:25 -0300
  Processing by VideosController#show as HTML
  Parameters: {"id"=>"1"}
  [1m[35mVideo Load (0.1ms)[0m  SELECT `videos`.* FROM `videos` WHERE (`videos`.`id` = 1) LIMIT 1
  [1m[36mUser Load (0.1ms)[0m  [1mSELECT `users`.* FROM `users` WHERE (`users`.`id` = 1) LIMIT 1[0m
  [1m[35mComment Load (0.2ms)[0m  SELECT `comments`.* FROM `comments` WHERE (`comments`.video_id = 1)
Rendered comments/_form.html.erb (12.0ms)
Rendered videos/show.html.erb within layouts/application (25.7ms)
Completed 200 OK in 102ms (Views: 31.0ms | ActiveRecord: 0.4ms)


Started GET "/videos/1" for 201.214.4.42 at 2010-12-05 13:15:30 -0300
  Processing by VideosController#show as HTML
  Parameters: {"id"=>"1"}
  [1m[36mVideo Load (0.1ms)[0m  [1mSELECT `videos`.* FROM `videos` WHERE (`videos`.`id` = 1) LIMIT 1[0m
  [1m[35mUser Load (0.1ms)[0m  SELECT `users`.* FROM `users` WHERE (`users`.`id` = 1) LIMIT 1
  [1m[36mComment Load (0.2ms)[0m  [1mSELECT `comments`.* FROM `comments` WHERE (`comments`.video_id = 1)[0m
Rendered comments/_form.html.erb (12.2ms)
Rendered videos/show.html.erb within layouts/application (26.2ms)
Completed 200 OK in 105ms (Views: 31.7ms | ActiveRecord: 0.4ms)


Started GET "/videos/1" for 201.214.4.42 at 2010-12-05 13:17:56 -0300
  Processing by VideosController#show as HTML
  Parameters: {"id"=>"1"}
  [1m[35mVideo Load (0.1ms)[0m  SELECT `videos`.* FROM `videos` WHERE (`videos`.`id` = 1) LIMIT 1
  [1m[36mUser Load (0.1ms)[0m  [1mSELECT `users`.* FROM `users` WHERE (`users`.`id` = 1) LIMIT 1[0m
  [1m[35mComment Load (0.2ms)[0m  SELECT `comments`.* FROM `comments` WHERE (`comments`.video_id = 1)
Rendered comments/_form.html.erb (12.3ms)
Rendered videos/show.html.erb within layouts/application (26.6ms)
Completed 200 OK in 151ms (Views: 32.1ms | ActiveRecord: 0.4ms)


Started GET "/videos" for 201.214.4.42 at 2010-12-05 14:04:26 -0300
  Processing by VideosController#index as HTML
  [1m[36mVideo Load (0.2ms)[0m  [1mSELECT `videos`.* FROM `videos`[0m
Rendered videos/index.html.erb within layouts/application (16.9ms)
Completed 200 OK in 82ms (Views: 22.5ms | ActiveRecord: 0.2ms)


Started GET "/videos/1" for 201.214.4.42 at 2010-12-05 14:04:42 -0300
  Processing by VideosController#show as HTML
  Parameters: {"id"=>"1"}
  [1m[35mVideo Load (0.1ms)[0m  SELECT `videos`.* FROM `videos` WHERE (`videos`.`id` = 1) LIMIT 1
  [1m[36mUser Load (0.1ms)[0m  [1mSELECT `users`.* FROM `users` WHERE (`users`.`id` = 1) LIMIT 1[0m
  [1m[35mComment Load (0.2ms)[0m  SELECT `comments`.* FROM `comments` WHERE (`comments`.video_id = 1)
Rendered comments/_form.html.erb (11.8ms)
Rendered videos/show.html.erb within layouts/application (25.3ms)
Completed 200 OK in 101ms (Views: 30.7ms | ActiveRecord: 0.4ms)


Started GET "/videos" for 201.214.4.42 at 2010-12-05 14:30:25 -0300
  Processing by VideosController#index as HTML
  [1m[36mVideo Load (0.2ms)[0m  [1mSELECT `videos`.* FROM `videos`[0m
Rendered videos/index.html.erb within layouts/application (17.2ms)
Completed 200 OK in 38ms (Views: 22.8ms | ActiveRecord: 0.2ms)


Started GET "/videos/1" for 201.214.4.42 at 2010-12-05 14:30:35 -0300
  Processing by VideosController#show as HTML
  Parameters: {"id"=>"1"}
  [1m[35mVideo Load (0.1ms)[0m  SELECT `videos`.* FROM `videos` WHERE (`videos`.`id` = 1) LIMIT 1
  [1m[36mUser Load (0.1ms)[0m  [1mSELECT `users`.* FROM `users` WHERE (`users`.`id` = 1) LIMIT 1[0m
  [1m[35mComment Load (0.2ms)[0m  SELECT `comments`.* FROM `comments` WHERE (`comments`.video_id = 1)
Rendered comments/_form.html.erb (58.6ms)
Rendered videos/show.html.erb within layouts/application (72.3ms)
Completed 200 OK in 147ms (Views: 77.6ms | ActiveRecord: 0.4ms)


Started POST "/videos/1/comments" for 201.214.4.42 at 2010-12-05 14:30:48 -0300
  Processing by CommentsController#create as HTML
  Parameters: {"utf8"=>"✓", "authenticity_token"=>"yEJJjrEsk6CKMi7/B/8qiC2kIacn50Z6NHjTK+mIrBg=", "comment"=>{"timestamp"=>"4422", "comment"=>"Vamos a 4422"}, "commit"=>"Create Comment", "video_id"=>"1"}
  [1m[36mVideo Load (0.1ms)[0m  [1mSELECT `videos`.* FROM `videos` WHERE (`videos`.`id` = 1) LIMIT 1[0m
  [1m[35mSQL (0.1ms)[0m  BEGIN
  [1m[36mSQL (1.0ms)[0m  [1mdescribe `comments`[0m
  [1m[35mAREL (0.3ms)[0m  INSERT INTO `comments` (`video_id`, `user_mail`, `timestamp`, `comment`, `created_at`, `updated_at`) VALUES (1, NULL, '4422', 'Vamos a 4422', '2010-12-05 17:30:48', '2010-12-05 17:30:48')
  [1m[36mSQL (3.1ms)[0m  [1mCOMMIT[0m
Redirected to http://cadcc.cl:2323/videos/1
Completed 302 Found in 65ms


Started GET "/videos/1" for 201.214.4.42 at 2010-12-05 14:30:48 -0300
  Processing by VideosController#show as HTML
  Parameters: {"id"=>"1"}
  [1m[35mVideo Load (0.1ms)[0m  SELECT `videos`.* FROM `videos` WHERE (`videos`.`id` = 1) LIMIT 1
  [1m[36mUser Load (0.1ms)[0m  [1mSELECT `users`.* FROM `users` WHERE (`users`.`id` = 1) LIMIT 1[0m
  [1m[35mComment Load (0.6ms)[0m  SELECT `comments`.* FROM `comments` WHERE (`comments`.video_id = 1)
Rendered comments/_form.html.erb (5.8ms)
Rendered videos/show.html.erb within layouts/application (68.5ms)
Completed 200 OK in 146ms (Views: 73.8ms | ActiveRecord: 0.9ms)


Started GET "/videos/1" for 201.214.4.42 at 2010-12-05 14:33:01 -0300
  Processing by VideosController#show as HTML
  Parameters: {"id"=>"1"}
  [1m[36mVideo Load (0.1ms)[0m  [1mSELECT `videos`.* FROM `videos` WHERE (`videos`.`id` = 1) LIMIT 1[0m
  [1m[35mUser Load (0.1ms)[0m  SELECT `users`.* FROM `users` WHERE (`users`.`id` = 1) LIMIT 1
  [1m[36mComment Load (0.2ms)[0m  [1mSELECT `comments`.* FROM `comments` WHERE (`comments`.video_id = 1)[0m
Rendered comments/_form.html.erb (5.6ms)
Rendered videos/show.html.erb within layouts/application (25.4ms)
Completed 200 OK in 102ms (Views: 30.7ms | ActiveRecord: 0.4ms)


Started GET "/videos/1" for 201.214.4.42 at 2010-12-05 16:46:12 -0300
  Processing by VideosController#show as HTML
  Parameters: {"id"=>"1"}
  [1m[35mVideo Load (0.1ms)[0m  SELECT `videos`.* FROM `videos` WHERE (`videos`.`id` = 1) LIMIT 1
  [1m[36mUser Load (0.2ms)[0m  [1mSELECT `users`.* FROM `users` WHERE (`users`.`id` = 1) LIMIT 1[0m
  [1m[35mComment Load (0.2ms)[0m  SELECT `comments`.* FROM `comments` WHERE (`comments`.video_id = 1)
Rendered comments/_form.html.erb (5.9ms)
Rendered videos/show.html.erb within layouts/application (72.5ms)
Completed 200 OK in 149ms (Views: 77.8ms | ActiveRecord: 0.5ms)


Started GET "/videos/1" for 201.214.4.42 at 2010-12-05 19:31:32 -0300
  Processing by VideosController#show as HTML
  Parameters: {"id"=>"1"}
  [1m[36mVideo Load (0.1ms)[0m  [1mSELECT `videos`.* FROM `videos` WHERE (`videos`.`id` = 1) LIMIT 1[0m
  [1m[35mUser Load (0.1ms)[0m  SELECT `users`.* FROM `users` WHERE (`users`.`id` = 1) LIMIT 1
  [1m[36mComment Load (0.2ms)[0m  [1mSELECT `comments`.* FROM `comments` WHERE (`comments`.video_id = 1)[0m
Rendered comments/_form.html.erb (6.0ms)
Rendered videos/show.html.erb within layouts/application (27.0ms)
Completed 200 OK in 150ms (Views: 32.4ms | ActiveRecord: 0.4ms)


Started POST "/videos/1/comments" for 201.214.4.42 at 2010-12-05 19:31:44 -0300
  Processing by CommentsController#create as HTML
  Parameters: {"utf8"=>"✓", "authenticity_token"=>"yEJJjrEsk6CKMi7/B/8qiC2kIacn50Z6NHjTK+mIrBg=", "comment"=>{"timestamp"=>"123", "comment"=>"Test"}, "commit"=>"Create Comment", "video_id"=>"1"}
  [1m[35mVideo Load (0.1ms)[0m  SELECT `videos`.* FROM `videos` WHERE (`videos`.`id` = 1) LIMIT 1
  [1m[36mSQL (0.2ms)[0m  [1mBEGIN[0m
  [1m[35mSQL (1.1ms)[0m  describe `comments`
  [1m[36mAREL (0.3ms)[0m  [1mINSERT INTO `comments` (`video_id`, `user_mail`, `timestamp`, `comment`, `created_at`, `updated_at`) VALUES (1, NULL, '123', 'Test', '2010-12-05 22:31:44', '2010-12-05 22:31:44')[0m
  [1m[35mSQL (1.1ms)[0m  COMMIT
Redirected to http://cadcc.cl:2323/videos/1
Completed 302 Found in 105ms


Started GET "/videos/1" for 201.214.4.42 at 2010-12-05 19:31:44 -0300
  Processing by VideosController#show as HTML
  Parameters: {"id"=>"1"}
  [1m[36mVideo Load (0.2ms)[0m  [1mSELECT `videos`.* FROM `videos` WHERE (`videos`.`id` = 1) LIMIT 1[0m
  [1m[35mUser Load (0.1ms)[0m  SELECT `users`.* FROM `users` WHERE (`users`.`id` = 1) LIMIT 1
  [1m[36mComment Load (0.4ms)[0m  [1mSELECT `comments`.* FROM `comments` WHERE (`comments`.video_id = 1)[0m
Rendered comments/_form.html.erb (5.7ms)
Rendered videos/show.html.erb within layouts/application (26.2ms)
Completed 200 OK in 105ms (Views: 31.4ms | ActiveRecord: 0.7ms)


Started GET "/videos/1" for 190.163.75.54 at 2010-12-05 21:07:52 -0300
  Processing by VideosController#show as HTML
  Parameters: {"id"=>"1"}
  [1m[35mVideo Load (0.1ms)[0m  SELECT `videos`.* FROM `videos` WHERE (`videos`.`id` = 1) LIMIT 1
  [1m[36mUser Load (0.2ms)[0m  [1mSELECT `users`.* FROM `users` WHERE (`users`.`id` = 1) LIMIT 1[0m
  [1m[35mComment Load (0.2ms)[0m  SELECT `comments`.* FROM `comments` WHERE (`comments`.video_id = 1)
Rendered comments/_form.html.erb (5.9ms)
Rendered videos/show.html.erb within layouts/application (26.1ms)
Completed 200 OK in 104ms (Views: 31.7ms | ActiveRecord: 0.5ms)


Started GET "/videos/1" for 201.214.4.42 at 2010-12-05 22:07:15 -0300
  Processing by VideosController#show as HTML
  Parameters: {"id"=>"1"}
  [1m[36mVideo Load (0.1ms)[0m  [1mSELECT `videos`.* FROM `videos` WHERE (`videos`.`id` = 1) LIMIT 1[0m
  [1m[35mUser Load (0.1ms)[0m  SELECT `users`.* FROM `users` WHERE (`users`.`id` = 1) LIMIT 1
  [1m[36mComment Load (0.2ms)[0m  [1mSELECT `comments`.* FROM `comments` WHERE (`comments`.video_id = 1)[0m
Rendered comments/_form.html.erb (5.7ms)
Rendered videos/show.html.erb within layouts/application (25.9ms)
Completed 200 OK in 104ms (Views: 31.5ms | ActiveRecord: 0.4ms)


Started GET "/videos/1" for 201.214.4.42 at 2010-12-05 22:26:12 -0300
  Processing by VideosController#show as HTML
  Parameters: {"id"=>"1"}
  [1m[35mVideo Load (0.1ms)[0m  SELECT `videos`.* FROM `videos` WHERE (`videos`.`id` = 1) LIMIT 1
  [1m[36mUser Load (0.1ms)[0m  [1mSELECT `users`.* FROM `users` WHERE (`users`.`id` = 1) LIMIT 1[0m
  [1m[35mComment Load (0.2ms)[0m  SELECT `comments`.* FROM `comments` WHERE (`comments`.video_id = 1)
Rendered comments/_form.html.erb (5.9ms)
Rendered videos/show.html.erb within layouts/application (26.1ms)
Completed 200 OK in 104ms (Views: 31.7ms | ActiveRecord: 0.4ms)


Started GET "/videos/1" for 190.101.62.161 at 2010-12-05 22:26:31 -0300
  Processing by VideosController#show as HTML
  Parameters: {"id"=>"1"}
  [1m[36mVideo Load (0.1ms)[0m  [1mSELECT `videos`.* FROM `videos` WHERE (`videos`.`id` = 1) LIMIT 1[0m
  [1m[35mUser Load (0.1ms)[0m  SELECT `users`.* FROM `users` WHERE (`users`.`id` = 1) LIMIT 1
  [1m[36mComment Load (0.2ms)[0m  [1mSELECT `comments`.* FROM `comments` WHERE (`comments`.video_id = 1)[0m
Rendered comments/_form.html.erb (6.1ms)
Rendered videos/show.html.erb within layouts/application (27.0ms)
Completed 200 OK in 150ms (Views: 32.5ms | ActiveRecord: 0.4ms)


Started GET "/videos/1" for 201.214.4.42 at 2010-12-06 00:44:36 -0300
  Processing by VideosController#show as HTML
  Parameters: {"id"=>"1"}
  [1m[35mVideo Load (0.1ms)[0m  SELECT `videos`.* FROM `videos` WHERE (`videos`.`id` = 1) LIMIT 1
  [1m[36mUser Load (0.1ms)[0m  [1mSELECT `users`.* FROM `users` WHERE (`users`.`id` = 1) LIMIT 1[0m
  [1m[35mCACHE (0.0ms)[0m  SELECT `users`.* FROM `users` WHERE (`users`.`id` = 1) LIMIT 1
  [1m[36mComment Load (0.2ms)[0m  [1mSELECT `comments`.* FROM `comments` WHERE (`comments`.video_id = 1)[0m
Rendered comments/_form.html.erb (6.0ms)
Rendered videos/show.html.erb within layouts/application (26.2ms)
Completed 200 OK in 110ms (Views: 31.9ms | ActiveRecord: 0.4ms)


Started POST "/videos/1/comments" for 201.214.4.42 at 2010-12-06 00:44:46 -0300
  Processing by CommentsController#create as HTML
  Parameters: {"utf8"=>"✓", "authenticity_token"=>"/16KRYIZkG0K67lAPUho4R8rluuZSRFweQvsjJxr92M=", "comment"=>{"timestamp"=>"123", "comment"=>"Test"}, "commit"=>"Create Comment", "video_id"=>"1"}
  [1m[35mVideo Load (0.1ms)[0m  SELECT `videos`.* FROM `videos` WHERE (`videos`.`id` = 1) LIMIT 1
  [1m[36mSQL (0.1ms)[0m  [1mBEGIN[0m
  [1m[35mSQL (1.0ms)[0m  describe `comments`
  [1m[36mAREL (0.3ms)[0m  [1mINSERT INTO `comments` (`video_id`, `user_mail`, `timestamp`, `comment`, `created_at`, `updated_at`) VALUES (1, NULL, '123', 'Test', '2010-12-06 03:44:46', '2010-12-06 03:44:46')[0m
  [1m[35mSQL (3.3ms)[0m  COMMIT
Redirected to http://cadcc.cl:2323/videos/1
Completed 302 Found in 65ms


Started GET "/videos/1" for 201.214.4.42 at 2010-12-06 00:44:46 -0300
  Processing by VideosController#show as HTML
  Parameters: {"id"=>"1"}
  [1m[36mVideo Load (0.1ms)[0m  [1mSELECT `videos`.* FROM `videos` WHERE (`videos`.`id` = 1) LIMIT 1[0m
  [1m[35mUser Load (0.1ms)[0m  SELECT `users`.* FROM `users` WHERE (`users`.`id` = 1) LIMIT 1
  [1m[36mCACHE (0.0ms)[0m  [1mSELECT `users`.* FROM `users` WHERE (`users`.`id` = 1) LIMIT 1[0m
  [1m[35mComment Load (0.4ms)[0m  SELECT `comments`.* FROM `comments` WHERE (`comments`.video_id = 1)
Rendered comments/_form.html.erb (5.9ms)
Rendered videos/show.html.erb within layouts/application (26.8ms)
Completed 200 OK in 149ms (Views: 32.0ms | ActiveRecord: 0.7ms)


Started GET "/videos/1" for 201.214.4.42 at 2010-12-06 10:26:35 -0300
  Processing by VideosController#show as HTML
  Parameters: {"id"=>"1"}
  [1m[36mVideo Load (0.1ms)[0m  [1mSELECT `videos`.* FROM `videos` WHERE (`videos`.`id` = 1) LIMIT 1[0m
  [1m[35mUser Load (0.1ms)[0m  SELECT `users`.* FROM `users` WHERE (`users`.`id` = 1) LIMIT 1
  [1m[36mCACHE (0.0ms)[0m  [1mSELECT `users`.* FROM `users` WHERE (`users`.`id` = 1) LIMIT 1[0m
  [1m[35mComment Load (0.2ms)[0m  SELECT `comments`.* FROM `comments` WHERE (`comments`.video_id = 1)
Rendered comments/_form.html.erb (5.9ms)
Rendered videos/show.html.erb within layouts/application (26.0ms)
Completed 200 OK in 104ms (Views: 31.4ms | ActiveRecord: 0.4ms)


Started GET "/videos/1" for 201.214.4.42 at 2010-12-06 10:27:31 -0300
  Processing by VideosController#show as HTML
  Parameters: {"id"=>"1"}
  [1m[36mVideo Load (0.1ms)[0m  [1mSELECT `videos`.* FROM `videos` WHERE (`videos`.`id` = 1) LIMIT 1[0m
  [1m[35mUser Load (0.1ms)[0m  SELECT `users`.* FROM `users` WHERE (`users`.`id` = 1) LIMIT 1
  [1m[36mCACHE (0.0ms)[0m  [1mSELECT `users`.* FROM `users` WHERE (`users`.`id` = 1) LIMIT 1[0m
  [1m[35mComment Load (0.2ms)[0m  SELECT `comments`.* FROM `comments` WHERE (`comments`.video_id = 1)
Rendered comments/_form.html.erb (5.8ms)
Rendered videos/show.html.erb within layouts/application (25.8ms)
Completed 200 OK in 101ms (Views: 31.2ms | ActiveRecord: 0.4ms)


Started GET "/videos/1" for 201.214.4.42 at 2010-12-06 10:27:45 -0300
DEPRECATION WARNING: Setting filter_parameter_logging in ActionController is deprecated and has no longer effect, please set 'config.filter_parameters' in config/application.rb instead. (called from <class:ApplicationController> at /home/pregrado/jcarrera/LectureWeb/app/controllers/application_controller.rb:6)
  Processing by VideosController#show as HTML
  Parameters: {"id"=>"1"}
Completed   in 7ms

NameError (uninitialized constant ApplicationController::UserSession):
  app/controllers/application_controller.rb:11:in `current_user_session'
  app/controllers/application_controller.rb:16:in `current_user'
  app/controllers/application_controller.rb:20:in `require_user'

Rendered /usr/local/lib/ruby/gems/1.9.1/gems/actionpack-3.0.3/lib/action_dispatch/middleware/templates/rescues/_trace.erb (1.9ms)
Rendered /usr/local/lib/ruby/gems/1.9.1/gems/actionpack-3.0.3/lib/action_dispatch/middleware/templates/rescues/_request_and_response.erb (4.6ms)
Rendered /usr/local/lib/ruby/gems/1.9.1/gems/actionpack-3.0.3/lib/action_dispatch/middleware/templates/rescues/diagnostics.erb within rescues/layout (12.1ms)


Started GET "/videos" for 201.214.4.42 at 2010-12-06 10:28:33 -0300
DEPRECATION WARNING: Setting filter_parameter_logging in ActionController is deprecated and has no longer effect, please set 'config.filter_parameters' in config/application.rb instead. (called from <class:ApplicationController> at /home/pregrado/jcarrera/LectureWeb/app/controllers/application_controller.rb:6)
  Processing by VideosController#index as HTML
Completed   in 7ms

NameError (uninitialized constant ApplicationController::UserSession):
  app/controllers/application_controller.rb:11:in `current_user_session'
  app/controllers/application_controller.rb:16:in `current_user'
  app/controllers/application_controller.rb:20:in `require_user'

Rendered /usr/local/lib/ruby/gems/1.9.1/gems/actionpack-3.0.3/lib/action_dispatch/middleware/templates/rescues/_trace.erb (1.9ms)
Rendered /usr/local/lib/ruby/gems/1.9.1/gems/actionpack-3.0.3/lib/action_dispatch/middleware/templates/rescues/_request_and_response.erb (4.2ms)
Rendered /usr/local/lib/ruby/gems/1.9.1/gems/actionpack-3.0.3/lib/action_dispatch/middleware/templates/rescues/diagnostics.erb within rescues/layout (11.7ms)


Started GET "/users" for 172.17.69.34 at 2010-12-06 10:46:20 -0300
DEPRECATION WARNING: Setting filter_parameter_logging in ActionController is deprecated and has no longer effect, please set 'config.filter_parameters' in config/application.rb instead. (called from <class:ApplicationController> at /home/pregrado/jcarrera/LectureWeb/app/controllers/application_controller.rb:6)
  Processing by UsersController#index as HTML
Completed   in 6ms

NameError (uninitialized constant ApplicationController::UserSession):
  app/controllers/application_controller.rb:11:in `current_user_session'
  app/controllers/application_controller.rb:16:in `current_user'
  app/controllers/application_controller.rb:20:in `require_user'

Rendered /usr/local/lib/ruby/gems/1.9.1/gems/actionpack-3.0.3/lib/action_dispatch/middleware/templates/rescues/_trace.erb (1.8ms)
Rendered /usr/local/lib/ruby/gems/1.9.1/gems/actionpack-3.0.3/lib/action_dispatch/middleware/templates/rescues/_request_and_response.erb (3.6ms)
Rendered /usr/local/lib/ruby/gems/1.9.1/gems/actionpack-3.0.3/lib/action_dispatch/middleware/templates/rescues/diagnostics.erb within rescues/layout (10.7ms)


Started GET "/users" for 172.17.69.34 at 2010-12-06 10:46:30 -0300
DEPRECATION WARNING: Setting filter_parameter_logging in ActionController is deprecated and has no longer effect, please set 'config.filter_parameters' in config/application.rb instead. (called from <class:ApplicationController> at /home/pregrado/jcarrera/LectureWeb/app/controllers/application_controller.rb:6)
  Processing by UsersController#index as HTML
Completed   in 6ms

NameError (uninitialized constant ApplicationController::UserSession):
  app/controllers/application_controller.rb:11:in `current_user_session'
  app/controllers/application_controller.rb:16:in `current_user'
  app/controllers/application_controller.rb:20:in `require_user'

Rendered /usr/local/lib/ruby/gems/1.9.1/gems/actionpack-3.0.3/lib/action_dispatch/middleware/templates/rescues/_trace.erb (1.9ms)
Rendered /usr/local/lib/ruby/gems/1.9.1/gems/actionpack-3.0.3/lib/action_dispatch/middleware/templates/rescues/_request_and_response.erb (3.8ms)
Rendered /usr/local/lib/ruby/gems/1.9.1/gems/actionpack-3.0.3/lib/action_dispatch/middleware/templates/rescues/diagnostics.erb within rescues/layout (58.2ms)


Started GET "/users" for 172.17.69.34 at 2010-12-06 10:47:15 -0300
DEPRECATION WARNING: Setting filter_parameter_logging in ActionController is deprecated and has no longer effect, please set 'config.filter_parameters' in config/application.rb instead. (called from <class:ApplicationController> at /home/pregrado/jcarrera/LectureWeb/app/controllers/application_controller.rb:6)
  Processing by UsersController#index as HTML
Completed   in 7ms

NameError (uninitialized constant ApplicationController::UserSession):
  app/controllers/application_controller.rb:11:in `current_user_session'
  app/controllers/application_controller.rb:16:in `current_user'
  app/controllers/application_controller.rb:20:in `require_user'

Rendered /usr/local/lib/ruby/gems/1.9.1/gems/actionpack-3.0.3/lib/action_dispatch/middleware/templates/rescues/_trace.erb (2.0ms)
Rendered /usr/local/lib/ruby/gems/1.9.1/gems/actionpack-3.0.3/lib/action_dispatch/middleware/templates/rescues/_request_and_response.erb (3.8ms)
Rendered /usr/local/lib/ruby/gems/1.9.1/gems/actionpack-3.0.3/lib/action_dispatch/middleware/templates/rescues/diagnostics.erb within rescues/layout (11.6ms)
  [1m[36mSQL (0.3ms)[0m  [1mSHOW TABLES[0m
  [1m[35mSQL (8.7ms)[0m  CREATE TABLE `schema_migrations` (`version` varchar(255) NOT NULL) ENGINE=InnoDB
  [1m[36mSQL (0.4ms)[0m  [1mSHOW KEYS FROM `schema_migrations`[0m
  [1m[35mSQL (7.6ms)[0m  CREATE UNIQUE INDEX `unique_schema_migrations` ON `schema_migrations` (`version`)
  [1m[36mSQL (0.3ms)[0m  [1mSHOW TABLES[0m
  [1m[35mSQL (0.2ms)[0m  SHOW TABLES
  [1m[36mSQL (0.3ms)[0m  [1mSELECT `schema_migrations`.`version` FROM `schema_migrations`[0m
Migrating to CreateVideos (20101205045142)
  [1m[35mSQL (2.3ms)[0m  CREATE TABLE `videos` (`id` int(11) DEFAULT NULL auto_increment PRIMARY KEY, `yt_id` varchar(255), `user_id` int(11), `name` varchar(255), `course` varchar(255), `professor` varchar(255), `semester` varchar(255), `created_at` datetime, `updated_at` datetime) ENGINE=InnoDB
  [1m[36mSQL (0.4ms)[0m  [1mINSERT INTO `schema_migrations` (`version`) VALUES ('20101205045142')[0m
Migrating to CreateComments (20101205045253)
  [1m[35mSQL (2.0ms)[0m  CREATE TABLE `comments` (`id` int(11) DEFAULT NULL auto_increment PRIMARY KEY, `video_id` int(11), `user_id` int(11), `timestamp` varchar(255), `comment` text, `created_at` datetime, `updated_at` datetime) ENGINE=InnoDB
  [1m[36mSQL (0.4ms)[0m  [1mINSERT INTO `schema_migrations` (`version`) VALUES ('20101205045253')[0m
Migrating to CreateUsers (20101205045318)
  [1m[35mSQL (5.6ms)[0m  CREATE TABLE `users` (`id` int(11) DEFAULT NULL auto_increment PRIMARY KEY, `email` varchar(255), `name` varchar(255), `last_name` varchar(255), `crypted_password` varchar(255) NOT NULL, `password_salt` varchar(255) NOT NULL, `persistence_token` varchar(255) NOT NULL, `single_access_token` varchar(255) NOT NULL, `last_login_ip` varchar(255), `created_at` datetime, `updated_at` datetime) ENGINE=InnoDB
  [1m[36mSQL (0.4ms)[0m  [1mINSERT INTO `schema_migrations` (`version`) VALUES ('20101205045318')[0m
  [1m[35mSQL (0.4ms)[0m  SHOW TABLES
  [1m[36mSQL (0.3ms)[0m  [1mSELECT `schema_migrations`.`version` FROM `schema_migrations`[0m
  [1m[35mSQL (0.3ms)[0m  SHOW TABLES
  [1m[36mSQL (0.9ms)[0m  [1mdescribe `comments`[0m
  [1m[35mSQL (0.4ms)[0m  SHOW KEYS FROM `comments`
  [1m[36mSQL (1.1ms)[0m  [1mdescribe `users`[0m
  [1m[35mSQL (0.3ms)[0m  SHOW KEYS FROM `users`
  [1m[36mSQL (1.0ms)[0m  [1mdescribe `videos`[0m
  [1m[35mSQL (0.3ms)[0m  SHOW KEYS FROM `videos`


Started GET "/users" for 172.17.69.34 at 2010-12-06 10:49:18 -0300
DEPRECATION WARNING: Setting filter_parameter_logging in ActionController is deprecated and has no longer effect, please set 'config.filter_parameters' in config/application.rb instead. (called from <class:ApplicationController> at /home/pregrado/jcarrera/LectureWeb/app/controllers/application_controller.rb:6)
  Processing by UsersController#index as HTML
Completed   in 7ms

NameError (uninitialized constant ApplicationController::UserSession):
  app/controllers/application_controller.rb:11:in `current_user_session'
  app/controllers/application_controller.rb:16:in `current_user'
  app/controllers/application_controller.rb:20:in `require_user'

Rendered /usr/local/lib/ruby/gems/1.9.1/gems/actionpack-3.0.3/lib/action_dispatch/middleware/templates/rescues/_trace.erb (1.8ms)
Rendered /usr/local/lib/ruby/gems/1.9.1/gems/actionpack-3.0.3/lib/action_dispatch/middleware/templates/rescues/_request_and_response.erb (3.8ms)
Rendered /usr/local/lib/ruby/gems/1.9.1/gems/actionpack-3.0.3/lib/action_dispatch/middleware/templates/rescues/diagnostics.erb within rescues/layout (11.0ms)
  [1m[36mSQL (0.3ms)[0m  [1mSHOW TABLES[0m
  [1m[35mSQL (2.8ms)[0m  CREATE TABLE `comments` (`id` int(11) DEFAULT NULL auto_increment PRIMARY KEY, `video_id` int(11), `user_id` int(11), `timestamp` varchar(255), `comment` text, `created_at` datetime, `updated_at` datetime) ENGINE=InnoDB
  [1m[36mSQL (0.3ms)[0m  [1mSHOW TABLES[0m
  [1m[35mSQL (4.2ms)[0m  CREATE TABLE `users` (`id` int(11) DEFAULT NULL auto_increment PRIMARY KEY, `email` varchar(255), `name` varchar(255), `last_name` varchar(255), `crypted_password` varchar(255) NOT NULL, `password_salt` varchar(255) NOT NULL, `persistence_token` varchar(255) NOT NULL, `single_access_token` varchar(255) NOT NULL, `last_login_ip` varchar(255), `created_at` datetime, `updated_at` datetime) ENGINE=InnoDB
  [1m[36mSQL (0.3ms)[0m  [1mSHOW TABLES[0m
  [1m[35mSQL (2.2ms)[0m  CREATE TABLE `videos` (`id` int(11) DEFAULT NULL auto_increment PRIMARY KEY, `yt_id` varchar(255), `user_id` int(11), `name` varchar(255), `course` varchar(255), `professor` varchar(255), `semester` varchar(255), `created_at` datetime, `updated_at` datetime) ENGINE=InnoDB
  [1m[36mSQL (0.3ms)[0m  [1mSHOW TABLES[0m
  [1m[35mSQL (3.0ms)[0m  CREATE TABLE `schema_migrations` (`version` varchar(255) NOT NULL) ENGINE=InnoDB
  [1m[36mSQL (0.5ms)[0m  [1mSHOW KEYS FROM `schema_migrations`[0m
  [1m[35mSQL (5.1ms)[0m  CREATE UNIQUE INDEX `unique_schema_migrations` ON `schema_migrations` (`version`)
  [1m[36mSQL (0.3ms)[0m  [1mSHOW TABLES[0m
  [1m[35mSQL (0.5ms)[0m  SELECT version FROM `schema_migrations`
  [1m[36mSQL (0.4ms)[0m  [1mINSERT INTO `schema_migrations` (version) VALUES ('20101205045318')[0m
  [1m[35mSQL (0.4ms)[0m  INSERT INTO `schema_migrations` (version) VALUES ('20101205045142')
  [1m[36mSQL (0.3ms)[0m  [1mINSERT INTO `schema_migrations` (version) VALUES ('20101205045253')[0m
  [1m[35mSQL (0.3ms)[0m  SHOW TABLES
  [1m[36mSQL (0.2ms)[0m  [1mSHOW TABLES[0m
  [1m[35mSQL (0.3ms)[0m  SELECT `schema_migrations`.`version` FROM `schema_migrations`


Started GET "/users" for 172.17.69.34 at 2010-12-06 10:50:01 -0300
DEPRECATION WARNING: Setting filter_parameter_logging in ActionController is deprecated and has no longer effect, please set 'config.filter_parameters' in config/application.rb instead. (called from <class:ApplicationController> at /home/pregrado/jcarrera/LectureWeb/app/controllers/application_controller.rb:6)
  Processing by UsersController#index as HTML
Completed   in 6ms

NameError (uninitialized constant ApplicationController::UserSession):
  app/controllers/application_controller.rb:11:in `current_user_session'
  app/controllers/application_controller.rb:16:in `current_user'
  app/controllers/application_controller.rb:20:in `require_user'

Rendered /usr/local/lib/ruby/gems/1.9.1/gems/actionpack-3.0.3/lib/action_dispatch/middleware/templates/rescues/_trace.erb (1.8ms)
Rendered /usr/local/lib/ruby/gems/1.9.1/gems/actionpack-3.0.3/lib/action_dispatch/middleware/templates/rescues/_request_and_response.erb (3.7ms)
Rendered /usr/local/lib/ruby/gems/1.9.1/gems/actionpack-3.0.3/lib/action_dispatch/middleware/templates/rescues/diagnostics.erb within rescues/layout (10.9ms)


Started GET "/users" for 201.214.4.42 at 2010-12-06 10:50:09 -0300
DEPRECATION WARNING: Setting filter_parameter_logging in ActionController is deprecated and has no longer effect, please set 'config.filter_parameters' in config/application.rb instead. (called from <class:ApplicationController> at /home/pregrado/jcarrera/LectureWeb/app/controllers/application_controller.rb:6)
  Processing by UsersController#index as HTML
Completed   in 48ms

NameError (uninitialized constant ApplicationController::UserSession):
  app/controllers/application_controller.rb:11:in `current_user_session'
  app/controllers/application_controller.rb:16:in `current_user'
  app/controllers/application_controller.rb:20:in `require_user'

Rendered /usr/local/lib/ruby/gems/1.9.1/gems/actionpack-3.0.3/lib/action_dispatch/middleware/templates/rescues/_trace.erb (1.9ms)
Rendered /usr/local/lib/ruby/gems/1.9.1/gems/actionpack-3.0.3/lib/action_dispatch/middleware/templates/rescues/_request_and_response.erb (4.2ms)
Rendered /usr/local/lib/ruby/gems/1.9.1/gems/actionpack-3.0.3/lib/action_dispatch/middleware/templates/rescues/diagnostics.erb within rescues/layout (11.7ms)


Started GET "/users" for 201.214.4.42 at 2010-12-06 10:50:36 -0300
DEPRECATION WARNING: Setting filter_parameter_logging in ActionController is deprecated and has no longer effect, please set 'config.filter_parameters' in config/application.rb instead. (called from <class:ApplicationController> at /home/pregrado/jcarrera/LectureWeb/app/controllers/application_controller.rb:6)
  Processing by UsersController#index as HTML
Completed   in 7ms

NameError (uninitialized constant ApplicationController::UserSession):
  app/controllers/application_controller.rb:11:in `current_user_session'
  app/controllers/application_controller.rb:16:in `current_user'
  app/controllers/application_controller.rb:20:in `require_user'

Rendered /usr/local/lib/ruby/gems/1.9.1/gems/actionpack-3.0.3/lib/action_dispatch/middleware/templates/rescues/_trace.erb (1.9ms)
Rendered /usr/local/lib/ruby/gems/1.9.1/gems/actionpack-3.0.3/lib/action_dispatch/middleware/templates/rescues/_request_and_response.erb (4.2ms)
Rendered /usr/local/lib/ruby/gems/1.9.1/gems/actionpack-3.0.3/lib/action_dispatch/middleware/templates/rescues/diagnostics.erb within rescues/layout (11.7ms)


Started GET "/users" for 172.17.69.34 at 2010-12-06 10:51:35 -0300
DEPRECATION WARNING: Setting filter_parameter_logging in ActionController is deprecated and has no longer effect, please set 'config.filter_parameters' in config/application.rb instead. (called from <class:ApplicationController> at /home/pregrado/jcarrera/LectureWeb/app/controllers/application_controller.rb:6)
  Processing by UsersController#index as HTML
Completed   in 7ms

NameError (uninitialized constant ApplicationController::UserSession):
  app/controllers/application_controller.rb:11:in `current_user_session'
  app/controllers/application_controller.rb:16:in `current_user'
  app/controllers/application_controller.rb:20:in `require_user'

Rendered /usr/local/lib/ruby/gems/1.9.1/gems/actionpack-3.0.3/lib/action_dispatch/middleware/templates/rescues/_trace.erb (1.8ms)
Rendered /usr/local/lib/ruby/gems/1.9.1/gems/actionpack-3.0.3/lib/action_dispatch/middleware/templates/rescues/_request_and_response.erb (3.8ms)
Rendered /usr/local/lib/ruby/gems/1.9.1/gems/actionpack-3.0.3/lib/action_dispatch/middleware/templates/rescues/diagnostics.erb within rescues/layout (11.0ms)


Started GET "/users" for 172.17.69.34 at 2010-12-06 10:51:42 -0300
DEPRECATION WARNING: Setting filter_parameter_logging in ActionController is deprecated and has no longer effect, please set 'config.filter_parameters' in config/application.rb instead. (called from <class:ApplicationController> at /home/pregrado/jcarrera/LectureWeb/app/controllers/application_controller.rb:6)
  Processing by UsersController#index as HTML
Completed   in 6ms

NameError (uninitialized constant ApplicationController::UserSession):
  app/controllers/application_controller.rb:11:in `current_user_session'
  app/controllers/application_controller.rb:16:in `current_user'
  app/controllers/application_controller.rb:20:in `require_user'

Rendered /usr/local/lib/ruby/gems/1.9.1/gems/actionpack-3.0.3/lib/action_dispatch/middleware/templates/rescues/_trace.erb (1.8ms)
Rendered /usr/local/lib/ruby/gems/1.9.1/gems/actionpack-3.0.3/lib/action_dispatch/middleware/templates/rescues/_request_and_response.erb (3.7ms)
Rendered /usr/local/lib/ruby/gems/1.9.1/gems/actionpack-3.0.3/lib/action_dispatch/middleware/templates/rescues/diagnostics.erb within rescues/layout (10.8ms)


Started GET "/users" for 172.17.69.34 at 2010-12-06 10:51:56 -0300
DEPRECATION WARNING: Setting filter_parameter_logging in ActionController is deprecated and has no longer effect, please set 'config.filter_parameters' in config/application.rb instead. (called from <class:ApplicationController> at /home/pregrado/jcarrera/LectureWeb/app/controllers/application_controller.rb:6)
  Processing by UsersController#index as HTML
Completed   in 7ms

NameError (uninitialized constant ApplicationController::UserSession):
  app/controllers/application_controller.rb:11:in `current_user_session'
  app/controllers/application_controller.rb:16:in `current_user'
  app/controllers/application_controller.rb:20:in `require_user'

Rendered /usr/local/lib/ruby/gems/1.9.1/gems/actionpack-3.0.3/lib/action_dispatch/middleware/templates/rescues/_trace.erb (1.9ms)
Rendered /usr/local/lib/ruby/gems/1.9.1/gems/actionpack-3.0.3/lib/action_dispatch/middleware/templates/rescues/_request_and_response.erb (3.9ms)
Rendered /usr/local/lib/ruby/gems/1.9.1/gems/actionpack-3.0.3/lib/action_dispatch/middleware/templates/rescues/diagnostics.erb within rescues/layout (11.4ms)


Started GET "/videos/1" for 201.214.4.42 at 2010-12-06 10:51:56 -0300
DEPRECATION WARNING: Setting filter_parameter_logging in ActionController is deprecated and has no longer effect, please set 'config.filter_parameters' in config/application.rb instead. (called from <class:ApplicationController> at /home/pregrado/jcarrera/LectureWeb/app/controllers/application_controller.rb:6)
  Processing by VideosController#show as HTML
  Parameters: {"id"=>"1"}
Completed   in 7ms

NameError (uninitialized constant ApplicationController::UserSession):
  app/controllers/application_controller.rb:11:in `current_user_session'
  app/controllers/application_controller.rb:16:in `current_user'
  app/controllers/application_controller.rb:20:in `require_user'

Rendered /usr/local/lib/ruby/gems/1.9.1/gems/actionpack-3.0.3/lib/action_dispatch/middleware/templates/rescues/_trace.erb (2.1ms)
Rendered /usr/local/lib/ruby/gems/1.9.1/gems/actionpack-3.0.3/lib/action_dispatch/middleware/templates/rescues/_request_and_response.erb (4.4ms)
Rendered /usr/local/lib/ruby/gems/1.9.1/gems/actionpack-3.0.3/lib/action_dispatch/middleware/templates/rescues/diagnostics.erb within rescues/layout (12.1ms)


Started GET "/users" for 172.17.69.34 at 2010-12-06 10:55:50 -0300
DEPRECATION WARNING: Setting filter_parameter_logging in ActionController is deprecated and has no longer effect, please set 'config.filter_parameters' in config/application.rb instead. (called from <class:ApplicationController> at /home/pregrado/jcarrera/LectureWeb/app/controllers/application_controller.rb:6)
  Processing by UsersController#index as HTML
Completed   in 7ms

NameError (uninitialized constant ApplicationController::UserSession):
  app/controllers/application_controller.rb:11:in `current_user_session'
  app/controllers/application_controller.rb:16:in `current_user'
  app/controllers/application_controller.rb:20:in `require_user'

Rendered /usr/local/lib/ruby/gems/1.9.1/gems/actionpack-3.0.3/lib/action_dispatch/middleware/templates/rescues/_trace.erb (1.8ms)
Rendered /usr/local/lib/ruby/gems/1.9.1/gems/actionpack-3.0.3/lib/action_dispatch/middleware/templates/rescues/_request_and_response.erb (3.8ms)
Rendered /usr/local/lib/ruby/gems/1.9.1/gems/actionpack-3.0.3/lib/action_dispatch/middleware/templates/rescues/diagnostics.erb within rescues/layout (11.1ms)
DEPRECATION WARNING: Use toplevel init.rb; rails/init.rb is deprecated: /home/pregrado/jcarrera/LectureWeb/vendor/plugins/authlogic/rails/init.rb. (called from <top (required)> at /home/pregrado/jcarrera/LectureWeb/config/environment.rb:6)


Started GET "/users" for 201.214.4.42 at 2010-12-06 10:56:34 -0300
DEPRECATION WARNING: Setting filter_parameter_logging in ActionController is deprecated and has no longer effect, please set 'config.filter_parameters' in config/application.rb instead. (called from <class:ApplicationController> at /home/pregrado/jcarrera/LectureWeb/app/controllers/application_controller.rb:6)
  Processing by UsersController#index as HTML
Completed   in 6ms

NameError (uninitialized constant ApplicationController::UserSession):
  app/controllers/application_controller.rb:11:in `current_user_session'
  app/controllers/application_controller.rb:16:in `current_user'
  app/controllers/application_controller.rb:20:in `require_user'

Rendered /usr/local/lib/ruby/gems/1.9.1/gems/actionpack-3.0.3/lib/action_dispatch/middleware/templates/rescues/_trace.erb (1.8ms)
Rendered /usr/local/lib/ruby/gems/1.9.1/gems/actionpack-3.0.3/lib/action_dispatch/middleware/templates/rescues/_request_and_response.erb (4.1ms)
Rendered /usr/local/lib/ruby/gems/1.9.1/gems/actionpack-3.0.3/lib/action_dispatch/middleware/templates/rescues/diagnostics.erb within rescues/layout (11.3ms)


Started GET "/users" for 172.17.69.34 at 2010-12-06 10:56:55 -0300
DEPRECATION WARNING: Setting filter_parameter_logging in ActionController is deprecated and has no longer effect, please set 'config.filter_parameters' in config/application.rb instead. (called from <class:ApplicationController> at /home/pregrado/jcarrera/LectureWeb/app/controllers/application_controller.rb:6)
  Processing by UsersController#index as HTML
Completed   in 7ms

NameError (uninitialized constant ApplicationController::UserSession):
  app/controllers/application_controller.rb:11:in `current_user_session'
  app/controllers/application_controller.rb:16:in `current_user'
  app/controllers/application_controller.rb:20:in `require_user'

Rendered /usr/local/lib/ruby/gems/1.9.1/gems/actionpack-3.0.3/lib/action_dispatch/middleware/templates/rescues/_trace.erb (1.9ms)
Rendered /usr/local/lib/ruby/gems/1.9.1/gems/actionpack-3.0.3/lib/action_dispatch/middleware/templates/rescues/_request_and_response.erb (3.9ms)
Rendered /usr/local/lib/ruby/gems/1.9.1/gems/actionpack-3.0.3/lib/action_dispatch/middleware/templates/rescues/diagnostics.erb within rescues/layout (11.4ms)


Started GET "/videos/1" for 201.214.4.42 at 2010-12-06 10:56:55 -0300
DEPRECATION WARNING: Setting filter_parameter_logging in ActionController is deprecated and has no longer effect, please set 'config.filter_parameters' in config/application.rb instead. (called from <class:ApplicationController> at /home/pregrado/jcarrera/LectureWeb/app/controllers/application_controller.rb:6)
  Processing by VideosController#show as HTML
  Parameters: {"id"=>"1"}
Completed   in 7ms

NameError (uninitialized constant ApplicationController::UserSession):
  app/controllers/application_controller.rb:11:in `current_user_session'
  app/controllers/application_controller.rb:16:in `current_user'
  app/controllers/application_controller.rb:20:in `require_user'

Rendered /usr/local/lib/ruby/gems/1.9.1/gems/actionpack-3.0.3/lib/action_dispatch/middleware/templates/rescues/_trace.erb (1.9ms)
Rendered /usr/local/lib/ruby/gems/1.9.1/gems/actionpack-3.0.3/lib/action_dispatch/middleware/templates/rescues/_request_and_response.erb (4.4ms)
Rendered /usr/local/lib/ruby/gems/1.9.1/gems/actionpack-3.0.3/lib/action_dispatch/middleware/templates/rescues/diagnostics.erb within rescues/layout (11.9ms)


Started GET "/videos/" for 201.214.4.42 at 2010-12-06 10:57:28 -0300
DEPRECATION WARNING: Setting filter_parameter_logging in ActionController is deprecated and has no longer effect, please set 'config.filter_parameters' in config/application.rb instead. (called from <class:ApplicationController> at /home/pregrado/jcarrera/LectureWeb/app/controllers/application_controller.rb:6)
  Processing by VideosController#index as HTML
Completed   in 7ms

NameError (uninitialized constant ApplicationController::UserSession):
  app/controllers/application_controller.rb:11:in `current_user_session'
  app/controllers/application_controller.rb:16:in `current_user'
  app/controllers/application_controller.rb:20:in `require_user'

Rendered /usr/local/lib/ruby/gems/1.9.1/gems/actionpack-3.0.3/lib/action_dispatch/middleware/templates/rescues/_trace.erb (1.9ms)
Rendered /usr/local/lib/ruby/gems/1.9.1/gems/actionpack-3.0.3/lib/action_dispatch/middleware/templates/rescues/_request_and_response.erb (4.3ms)
Rendered /usr/local/lib/ruby/gems/1.9.1/gems/actionpack-3.0.3/lib/action_dispatch/middleware/templates/rescues/diagnostics.erb within rescues/layout (11.7ms)
