[ pid=1759 thr=13169740 file=utils.rb:176 time=2010-12-05 02:16:00.098 ]: *** Exception PhusionPassenger::UnknownError in PhusionPassenger::Rack::ApplicationSpawner (Could not find activesupport-3.0.3 in any of the sources (Bundler::GemNotFound)) (process 1759, thread #<Thread:0x0000000191e898>):
	from /usr/lib/ruby/gems/1.9.1/gems/bundler-1.0.3/lib/bundler/spec_set.rb:87:in `block in materialize'
	from /usr/lib/ruby/gems/1.9.1/gems/bundler-1.0.3/lib/bundler/spec_set.rb:81:in `map!'
	from /usr/lib/ruby/gems/1.9.1/gems/bundler-1.0.3/lib/bundler/spec_set.rb:81:in `materialize'
	from /usr/lib/ruby/gems/1.9.1/gems/bundler-1.0.3/lib/bundler/definition.rb:93:in `specs'
	from /usr/lib/ruby/gems/1.9.1/gems/bundler-1.0.3/lib/bundler/definition.rb:137:in `specs_for'
	from /usr/lib/ruby/gems/1.9.1/gems/bundler-1.0.3/lib/bundler/definition.rb:126:in `requested_specs'
	from /usr/lib/ruby/gems/1.9.1/gems/bundler-1.0.3/lib/bundler/environment.rb:23:in `requested_specs'
	from /usr/lib/ruby/gems/1.9.1/gems/bundler-1.0.3/lib/bundler/runtime.rb:11:in `setup'
	from /usr/lib/ruby/gems/1.9.1/gems/bundler-1.0.3/lib/bundler.rb:100:in `setup'
	from /home/fabian/.passenger/standalone/3.0.0-x86_64-ruby1.9.2-linux-gcc4.5.1-1002/support/lib/phusion_passenger/utils.rb:326:in `prepare_app_process'
	from /home/fabian/.passenger/standalone/3.0.0-x86_64-ruby1.9.2-linux-gcc4.5.1-1002/support/lib/phusion_passenger/rack/application_spawner.rb:155:in `block in initialize_server'
	from /home/fabian/.passenger/standalone/3.0.0-x86_64-ruby1.9.2-linux-gcc4.5.1-1002/support/lib/phusion_passenger/utils.rb:564:in `report_app_init_status'
	from /home/fabian/.passenger/standalone/3.0.0-x86_64-ruby1.9.2-linux-gcc4.5.1-1002/support/lib/phusion_passenger/rack/application_spawner.rb:153:in `initialize_server'
	from /home/fabian/.passenger/standalone/3.0.0-x86_64-ruby1.9.2-linux-gcc4.5.1-1002/support/lib/phusion_passenger/abstract_server.rb:204:in `start_synchronously'
	from /home/fabian/.passenger/standalone/3.0.0-x86_64-ruby1.9.2-linux-gcc4.5.1-1002/support/lib/phusion_passenger/abstract_server.rb:180:in `start'
	from /home/fabian/.passenger/standalone/3.0.0-x86_64-ruby1.9.2-linux-gcc4.5.1-1002/support/lib/phusion_passenger/rack/application_spawner.rb:128:in `start'
	from /home/fabian/.passenger/standalone/3.0.0-x86_64-ruby1.9.2-linux-gcc4.5.1-1002/support/lib/phusion_passenger/spawn_manager.rb:253:in `block (2 levels) in spawn_rack_application'
	from /home/fabian/.passenger/standalone/3.0.0-x86_64-ruby1.9.2-linux-gcc4.5.1-1002/support/lib/phusion_passenger/abstract_server_collection.rb:132:in `lookup_or_add'
	from /home/fabian/.passenger/standalone/3.0.0-x86_64-ruby1.9.2-linux-gcc4.5.1-1002/support/lib/phusion_passenger/spawn_manager.rb:246:in `block in spawn_rack_application'
	from /home/fabian/.passenger/standalone/3.0.0-x86_64-ruby1.9.2-linux-gcc4.5.1-1002/support/lib/phusion_passenger/abstract_server_collection.rb:82:in `block in synchronize'
	from <internal:prelude>:10:in `synchronize'
	from /home/fabian/.passenger/standalone/3.0.0-x86_64-ruby1.9.2-linux-gcc4.5.1-1002/support/lib/phusion_passenger/abstract_server_collection.rb:79:in `synchronize'
	from /home/fabian/.passenger/standalone/3.0.0-x86_64-ruby1.9.2-linux-gcc4.5.1-1002/support/lib/phusion_passenger/spawn_manager.rb:244:in `spawn_rack_application'
	from /home/fabian/.passenger/standalone/3.0.0-x86_64-ruby1.9.2-linux-gcc4.5.1-1002/support/lib/phusion_passenger/spawn_manager.rb:137:in `spawn_application'
	from /home/fabian/.passenger/standalone/3.0.0-x86_64-ruby1.9.2-linux-gcc4.5.1-1002/support/lib/phusion_passenger/spawn_manager.rb:275:in `handle_spawn_application'
	from /home/fabian/.passenger/standalone/3.0.0-x86_64-ruby1.9.2-linux-gcc4.5.1-1002/support/lib/phusion_passenger/abstract_server.rb:357:in `server_main_loop'
	from /home/fabian/.passenger/standalone/3.0.0-x86_64-ruby1.9.2-linux-gcc4.5.1-1002/support/lib/phusion_passenger/abstract_server.rb:206:in `start_synchronously'
	from /home/fabian/.passenger/standalone/3.0.0-x86_64-ruby1.9.2-linux-gcc4.5.1-1002/support/helper-scripts/passenger-spawn-server:99:in `<main>'
[ pid=20758 thr=7613520 file=utils.rb:176 time=2010-12-09 00:00:02.779 ]: *** Exception NoMethodError in PhusionPassenger::Rack::ApplicationSpawner (undefined method `reverse_merge' for :videos:Symbol) (process 20758, thread #<Thread:0x00000000e858a0>):
	from /usr/lib/ruby/gems/1.9.1/gems/actionpack-3.0.3/lib/action_dispatch/routing/mapper.rb:248:in `root'
	from /usr/lib/ruby/gems/1.9.1/gems/actionpack-3.0.3/lib/action_dispatch/routing/mapper.rb:1123:in `root'
	from /home/fabian/Proyectos/videolecture/LectureWeb/config/routes.rb:8:in `block in <top (required)>'
	from /usr/lib/ruby/gems/1.9.1/gems/actionpack-3.0.3/lib/action_dispatch/routing/route_set.rb:233:in `instance_exec'
	from /usr/lib/ruby/gems/1.9.1/gems/actionpack-3.0.3/lib/action_dispatch/routing/route_set.rb:233:in `draw'
	from /home/fabian/Proyectos/videolecture/LectureWeb/config/routes.rb:1:in `<top (required)>'
	from /usr/lib/ruby/gems/1.9.1/gems/activesupport-3.0.3/lib/active_support/dependencies.rb:235:in `load'
	from /usr/lib/ruby/gems/1.9.1/gems/activesupport-3.0.3/lib/active_support/dependencies.rb:235:in `block in load'
	from /usr/lib/ruby/gems/1.9.1/gems/activesupport-3.0.3/lib/active_support/dependencies.rb:225:in `block in load_dependency'
	from /usr/lib/ruby/gems/1.9.1/gems/activesupport-3.0.3/lib/active_support/dependencies.rb:596:in `new_constants_in'
	from /usr/lib/ruby/gems/1.9.1/gems/activesupport-3.0.3/lib/active_support/dependencies.rb:225:in `load_dependency'
	from /usr/lib/ruby/gems/1.9.1/gems/activesupport-3.0.3/lib/active_support/dependencies.rb:235:in `load'
	from /usr/lib/ruby/gems/1.9.1/gems/railties-3.0.3/lib/rails/application.rb:127:in `block in reload_routes!'
	from /usr/lib/ruby/gems/1.9.1/gems/railties-3.0.3/lib/rails/application.rb:127:in `each'
	from /usr/lib/ruby/gems/1.9.1/gems/railties-3.0.3/lib/rails/application.rb:127:in `reload_routes!'
	from /usr/lib/ruby/gems/1.9.1/gems/railties-3.0.3/lib/rails/application.rb:120:in `block in routes_reloader'
	from /usr/lib/ruby/gems/1.9.1/gems/activesupport-3.0.3/lib/active_support/file_update_checker.rb:32:in `call'
	from /usr/lib/ruby/gems/1.9.1/gems/activesupport-3.0.3/lib/active_support/file_update_checker.rb:32:in `execute_if_updated'
	from /usr/lib/ruby/gems/1.9.1/gems/railties-3.0.3/lib/rails/application/finisher.rb:51:in `block (2 levels) in <module:Finisher>'
	from /usr/lib/ruby/gems/1.9.1/gems/railties-3.0.3/lib/rails/application/finisher.rb:52:in `call'
	from /usr/lib/ruby/gems/1.9.1/gems/railties-3.0.3/lib/rails/application/finisher.rb:52:in `block in <module:Finisher>'
	from /usr/lib/ruby/gems/1.9.1/gems/railties-3.0.3/lib/rails/initializable.rb:25:in `instance_exec'
	from /usr/lib/ruby/gems/1.9.1/gems/railties-3.0.3/lib/rails/initializable.rb:25:in `run'
	from /usr/lib/ruby/gems/1.9.1/gems/railties-3.0.3/lib/rails/initializable.rb:50:in `block in run_initializers'
	from /usr/lib/ruby/gems/1.9.1/gems/railties-3.0.3/lib/rails/initializable.rb:49:in `each'
	from /usr/lib/ruby/gems/1.9.1/gems/railties-3.0.3/lib/rails/initializable.rb:49:in `run_initializers'
	from /usr/lib/ruby/gems/1.9.1/gems/railties-3.0.3/lib/rails/application.rb:134:in `initialize!'
	from /usr/lib/ruby/gems/1.9.1/gems/railties-3.0.3/lib/rails/application.rb:77:in `method_missing'
	from /home/fabian/Proyectos/videolecture/LectureWeb/config/environment.rb:6:in `<top (required)>'
	from config.ru:3:in `require'
	from config.ru:3:in `block in <main>'
	from /usr/lib/ruby/gems/1.9.1/gems/rack-1.2.1/lib/rack/builder.rb:46:in `instance_eval'
	from /usr/lib/ruby/gems/1.9.1/gems/rack-1.2.1/lib/rack/builder.rb:46:in `initialize'
	from config.ru:1:in `new'
	from config.ru:1:in `<main>'
	from /home/fabian/.passenger/standalone/3.0.0-x86_64-ruby1.9.2-linux-gcc4.5.1-1002/support/lib/phusion_passenger/rack/application_spawner.rb:221:in `eval'
	from /home/fabian/.passenger/standalone/3.0.0-x86_64-ruby1.9.2-linux-gcc4.5.1-1002/support/lib/phusion_passenger/rack/application_spawner.rb:221:in `load_rack_app'
	from /home/fabian/.passenger/standalone/3.0.0-x86_64-ruby1.9.2-linux-gcc4.5.1-1002/support/lib/phusion_passenger/rack/application_spawner.rb:156:in `block in initialize_server'
	from /home/fabian/.passenger/standalone/3.0.0-x86_64-ruby1.9.2-linux-gcc4.5.1-1002/support/lib/phusion_passenger/utils.rb:564:in `report_app_init_status'
	from /home/fabian/.passenger/standalone/3.0.0-x86_64-ruby1.9.2-linux-gcc4.5.1-1002/support/lib/phusion_passenger/rack/application_spawner.rb:153:in `initialize_server'
	from /home/fabian/.passenger/standalone/3.0.0-x86_64-ruby1.9.2-linux-gcc4.5.1-1002/support/lib/phusion_passenger/abstract_server.rb:204:in `start_synchronously'
	from /home/fabian/.passenger/standalone/3.0.0-x86_64-ruby1.9.2-linux-gcc4.5.1-1002/support/lib/phusion_passenger/abstract_server.rb:180:in `start'
	from /home/fabian/.passenger/standalone/3.0.0-x86_64-ruby1.9.2-linux-gcc4.5.1-1002/support/lib/phusion_passenger/rack/application_spawner.rb:128:in `start'
	from /home/fabian/.passenger/standalone/3.0.0-x86_64-ruby1.9.2-linux-gcc4.5.1-1002/support/lib/phusion_passenger/spawn_manager.rb:253:in `block (2 levels) in spawn_rack_application'
	from /home/fabian/.passenger/standalone/3.0.0-x86_64-ruby1.9.2-linux-gcc4.5.1-1002/support/lib/phusion_passenger/abstract_server_collection.rb:132:in `lookup_or_add'
	from /home/fabian/.passenger/standalone/3.0.0-x86_64-ruby1.9.2-linux-gcc4.5.1-1002/support/lib/phusion_passenger/spawn_manager.rb:246:in `block in spawn_rack_application'
	from /home/fabian/.passenger/standalone/3.0.0-x86_64-ruby1.9.2-linux-gcc4.5.1-1002/support/lib/phusion_passenger/abstract_server_collection.rb:82:in `block in synchronize'
	from <internal:prelude>:10:in `synchronize'
	from /home/fabian/.passenger/standalone/3.0.0-x86_64-ruby1.9.2-linux-gcc4.5.1-1002/support/lib/phusion_passenger/abstract_server_collection.rb:79:in `synchronize'
	from /home/fabian/.passenger/standalone/3.0.0-x86_64-ruby1.9.2-linux-gcc4.5.1-1002/support/lib/phusion_passenger/spawn_manager.rb:244:in `spawn_rack_application'
	from /home/fabian/.passenger/standalone/3.0.0-x86_64-ruby1.9.2-linux-gcc4.5.1-1002/support/lib/phusion_passenger/spawn_manager.rb:137:in `spawn_application'
	from /home/fabian/.passenger/standalone/3.0.0-x86_64-ruby1.9.2-linux-gcc4.5.1-1002/support/lib/phusion_passenger/spawn_manager.rb:275:in `handle_spawn_application'
	from /home/fabian/.passenger/standalone/3.0.0-x86_64-ruby1.9.2-linux-gcc4.5.1-1002/support/lib/phusion_passenger/abstract_server.rb:357:in `server_main_loop'
	from /home/fabian/.passenger/standalone/3.0.0-x86_64-ruby1.9.2-linux-gcc4.5.1-1002/support/lib/phusion_passenger/abstract_server.rb:206:in `start_synchronously'
	from /home/fabian/.passenger/standalone/3.0.0-x86_64-ruby1.9.2-linux-gcc4.5.1-1002/support/helper-scripts/passenger-spawn-server:99:in `<main>'
